<?xml version="1.0" encoding="UTF-8"?>
<testsuite xmlns:xsi="http://www.w3.org/2001/XMLSchema-instance" xsi:noNamespaceSchemaLocation="https://maven.apache.org/surefire/maven-surefire-plugin/xsd/surefire-test-report-3.0.xsd" version="3.0" name="com.nhlstenden.Controllers.KeyControllerTest" time="0.302" tests="14" errors="0" skipped="0" failures="0">
  <properties>
    <property name="java.specification.version" value="21"/>
    <property name="sun.cpu.isalist" value="amd64"/>
    <property name="sun.jnu.encoding" value="Cp1252"/>
    <property name="java.class.path" value="C:\Users\gebruiker\Desktop\softwareQuality\target\test-classes;C:\Users\gebruiker\Desktop\softwareQuality\target\classes;C:\Users\gebruiker\.m2\repository\org\junit\jupiter\junit-jupiter-api\5.10.0\junit-jupiter-api-5.10.0.jar;C:\Users\gebruiker\.m2\repository\org\opentest4j\opentest4j\1.3.0\opentest4j-1.3.0.jar;C:\Users\gebruiker\.m2\repository\org\junit\platform\junit-platform-commons\1.10.0\junit-platform-commons-1.10.0.jar;C:\Users\gebruiker\.m2\repository\org\apiguardian\apiguardian-api\1.1.2\apiguardian-api-1.1.2.jar;C:\Users\gebruiker\.m2\repository\org\junit\jupiter\junit-jupiter-engine\5.10.0\junit-jupiter-engine-5.10.0.jar;C:\Users\gebruiker\.m2\repository\org\junit\platform\junit-platform-engine\1.10.0\junit-platform-engine-1.10.0.jar;C:\Users\gebruiker\.m2\repository\org\mockito\mockito-core\5.16.1\mockito-core-5.16.1.jar;C:\Users\gebruiker\.m2\repository\net\bytebuddy\byte-buddy-agent\1.15.11\byte-buddy-agent-1.15.11.jar;C:\Users\gebruiker\.m2\repository\org\objenesis\objenesis\3.3\objenesis-3.3.jar;C:\Users\gebruiker\.m2\repository\net\bytebuddy\byte-buddy\1.17.1\byte-buddy-1.17.1.jar;C:\Users\gebruiker\.m2\repository\org\mockito\mockito-junit-jupiter\5.16.1\mockito-junit-jupiter-5.16.1.jar;C:\Users\gebruiker\.m2\repository\org\powermock\powermock-module-junit4\2.0.0\powermock-module-junit4-2.0.0.jar;C:\Users\gebruiker\.m2\repository\org\powermock\powermock-module-junit4-common\2.0.0\powermock-module-junit4-common-2.0.0.jar;C:\Users\gebruiker\.m2\repository\org\powermock\powermock-reflect\2.0.0\powermock-reflect-2.0.0.jar;C:\Users\gebruiker\.m2\repository\org\powermock\powermock-core\2.0.0\powermock-core-2.0.0.jar;C:\Users\gebruiker\.m2\repository\org\javassist\javassist\3.24.0-GA\javassist-3.24.0-GA.jar;C:\Users\gebruiker\.m2\repository\junit\junit\4.12\junit-4.12.jar;C:\Users\gebruiker\.m2\repository\org\hamcrest\hamcrest-core\1.3\hamcrest-core-1.3.jar;C:\Users\gebruiker\.m2\repository\org\powermock\powermock-api-mockito2\2.0.0\powermock-api-mockito2-2.0.0.jar;C:\Users\gebruiker\.m2\repository\org\powermock\powermock-api-support\2.0.0\powermock-api-support-2.0.0.jar;C:\Users\gebruiker\.m2\repository\com\github\stefanbirkner\system-rules\1.19.0\system-rules-1.19.0.jar;"/>
    <property name="java.vm.vendor" value="Amazon.com Inc."/>
    <property name="sun.arch.data.model" value="64"/>
    <property name="user.variant" value=""/>
    <property name="java.vendor.url" value="https://aws.amazon.com/corretto/"/>
    <property name="user.timezone" value="Europe/Amsterdam"/>
    <property name="user.country.format" value="NL"/>
    <property name="os.name" value="Windows 11"/>
    <property name="java.vm.specification.version" value="21"/>
    <property name="sun.java.launcher" value="SUN_STANDARD"/>
    <property name="user.country" value="US"/>
    <property name="sun.boot.library.path" value="C:\Program Files\Amazon Corretto\jdk21.0.6_7\bin"/>
    <property name="sun.java.command" value="C:\Users\gebruiker\AppData\Local\Temp\surefire5461291993333974652\surefirebooter-20250405140640351_3.jar C:\Users\gebruiker\AppData\Local\Temp\surefire5461291993333974652 2025-04-05T14-06-39_156-jvmRun1 surefire-20250405140640351_1tmp surefire_0-20250405140640351_2tmp"/>
    <property name="jdk.debug" value="release"/>
    <property name="surefire.test.class.path" value="C:\Users\gebruiker\Desktop\softwareQuality\target\test-classes;C:\Users\gebruiker\Desktop\softwareQuality\target\classes;C:\Users\gebruiker\.m2\repository\org\junit\jupiter\junit-jupiter-api\5.10.0\junit-jupiter-api-5.10.0.jar;C:\Users\gebruiker\.m2\repository\org\opentest4j\opentest4j\1.3.0\opentest4j-1.3.0.jar;C:\Users\gebruiker\.m2\repository\org\junit\platform\junit-platform-commons\1.10.0\junit-platform-commons-1.10.0.jar;C:\Users\gebruiker\.m2\repository\org\apiguardian\apiguardian-api\1.1.2\apiguardian-api-1.1.2.jar;C:\Users\gebruiker\.m2\repository\org\junit\jupiter\junit-jupiter-engine\5.10.0\junit-jupiter-engine-5.10.0.jar;C:\Users\gebruiker\.m2\repository\org\junit\platform\junit-platform-engine\1.10.0\junit-platform-engine-1.10.0.jar;C:\Users\gebruiker\.m2\repository\org\mockito\mockito-core\5.16.1\mockito-core-5.16.1.jar;C:\Users\gebruiker\.m2\repository\net\bytebuddy\byte-buddy-agent\1.15.11\byte-buddy-agent-1.15.11.jar;C:\Users\gebruiker\.m2\repository\org\objenesis\objenesis\3.3\objenesis-3.3.jar;C:\Users\gebruiker\.m2\repository\net\bytebuddy\byte-buddy\1.17.1\byte-buddy-1.17.1.jar;C:\Users\gebruiker\.m2\repository\org\mockito\mockito-junit-jupiter\5.16.1\mockito-junit-jupiter-5.16.1.jar;C:\Users\gebruiker\.m2\repository\org\powermock\powermock-module-junit4\2.0.0\powermock-module-junit4-2.0.0.jar;C:\Users\gebruiker\.m2\repository\org\powermock\powermock-module-junit4-common\2.0.0\powermock-module-junit4-common-2.0.0.jar;C:\Users\gebruiker\.m2\repository\org\powermock\powermock-reflect\2.0.0\powermock-reflect-2.0.0.jar;C:\Users\gebruiker\.m2\repository\org\powermock\powermock-core\2.0.0\powermock-core-2.0.0.jar;C:\Users\gebruiker\.m2\repository\org\javassist\javassist\3.24.0-GA\javassist-3.24.0-GA.jar;C:\Users\gebruiker\.m2\repository\junit\junit\4.12\junit-4.12.jar;C:\Users\gebruiker\.m2\repository\org\hamcrest\hamcrest-core\1.3\hamcrest-core-1.3.jar;C:\Users\gebruiker\.m2\repository\org\powermock\powermock-api-mockito2\2.0.0\powermock-api-mockito2-2.0.0.jar;C:\Users\gebruiker\.m2\repository\org\powermock\powermock-api-support\2.0.0\powermock-api-support-2.0.0.jar;C:\Users\gebruiker\.m2\repository\com\github\stefanbirkner\system-rules\1.19.0\system-rules-1.19.0.jar;"/>
    <property name="sun.cpu.endian" value="little"/>
    <property name="user.home" value="C:\Users\gebruiker"/>
    <property name="user.language" value="en"/>
    <property name="java.specification.vendor" value="Oracle Corporation"/>
    <property name="java.version.date" value="2025-01-21"/>
    <property name="java.home" value="C:\Program Files\Amazon Corretto\jdk21.0.6_7"/>
    <property name="file.separator" value="\"/>
    <property name="basedir" value="C:\Users\gebruiker\Desktop\softwareQuality"/>
    <property name="java.vm.compressedOopsMode" value="Zero based"/>
    <property name="line.separator" value="&#10;"/>
    <property name="java.vm.specification.vendor" value="Oracle Corporation"/>
    <property name="java.specification.name" value="Java Platform API Specification"/>
    <property name="surefire.real.class.path" value="C:\Users\gebruiker\AppData\Local\Temp\surefire5461291993333974652\surefirebooter-20250405140640351_3.jar"/>
    <property name="user.script" value=""/>
    <property name="sun.management.compiler" value="HotSpot 64-Bit Tiered Compilers"/>
    <property name="java.runtime.version" value="21.0.6+7-LTS"/>
    <property name="user.name" value="gebruiker"/>
    <property name="stdout.encoding" value="Cp1252"/>
    <property name="path.separator" value=";"/>
    <property name="os.version" value="10.0"/>
    <property name="java.runtime.name" value="OpenJDK Runtime Environment"/>
    <property name="file.encoding" value="UTF-8"/>
    <property name="java.vm.name" value="OpenJDK 64-Bit Server VM"/>
    <property name="java.vendor.version" value="Corretto-21.0.6.7.1"/>
    <property name="localRepository" value="C:\Users\gebruiker\.m2\repository"/>
    <property name="java.vendor.url.bug" value="https://github.com/corretto/corretto-21/issues/"/>
    <property name="java.io.tmpdir" value="C:\Users\GEBRUI~1\AppData\Local\Temp\"/>
    <property name="java.version" value="21.0.6"/>
    <property name="user.dir" value="C:\Users\gebruiker\Desktop\softwareQuality"/>
    <property name="os.arch" value="amd64"/>
    <property name="java.vm.specification.name" value="Java Virtual Machine Specification"/>
    <property name="user.language.format" value="nl"/>
    <property name="sun.os.patch.level" value=""/>
    <property name="native.encoding" value="Cp1252"/>
    <property name="java.library.path" value="C:\Program Files\Amazon Corretto\jdk21.0.6_7\bin;C:\WINDOWS\Sun\Java\bin;C:\WINDOWS\system32;C:\WINDOWS;C:\Program Files\Amazon Corretto\jdk21.0.6_7\bin;C:\Program Files\Amazon Corretto\jdk21.0.6_7\bin;C:\Program Files\Common Files\Oracle\Java\javapath;C:\Python312\Scripts\;C:\Python312\;C:\WINDOWS\system32;C:\WINDOWS;C:\WINDOWS\System32\Wbem;C:\WINDOWS\System32\WindowsPowerShell\v1.0\;C:\WINDOWS\System32\OpenSSH\;C:\Program Files\Mullvad VPN\resources;C:\Program Files\Git\cmd;C:\Program Files\Docker\Docker\resources\bin;C:\Program Files\nodejs\;C:\ProgramData\chocolatey\bin;C:\Program Files (x86)\Microsoft SQL Server\160\DTS\Binn\;C:\ProgramData\chocolatey\lib\maven\apache-maven-3.9.9\bin;C:\Program Files\Amazon Corretto\jdk21.0.2.13.1\bin;;C:\Program Files\Amazon Corretto\jdk21.0.2.13.1\bin;C:\ProgramData\chocolatey\lib\maven\apache-maven-3.9.9\bin;C:\Program Files\Amazon Corretto\jdk21.0.6_7\bin;C:\Program Files\Common Files\Oracle\Java\javapath;C:\Python312\Scripts\;C:\Python312\;C:\WINDOWS\system32;C:\WINDOWS;C:\WINDOWS\System32\Wbem;C:\WINDOWS\System32\WindowsPowerShell\v1.0\;C:\WINDOWS\System32\OpenSSH\;C:\Program Files\Mullvad VPN\resources;C:\Program Files\Git\cmd;C:\Program Files\Docker\Docker\resources\bin;C:\Program Files\nodejs\;C:\ProgramData\chocolatey\bin;C:\Program Files (x86)\Microsoft SQL Server\160\DTS\Binn\;C:\ProgramData\chocolatey\lib\maven\apache-maven-3.9.9\bin;C:\Program Files\Amazon Corretto\jdk21.0.2.13.1\bin;;C:\Program Files\Amazon Corretto\jdk21.0.2.13.1\bin;C:\ProgramData\chocolatey\lib\maven\apache-maven-3.9.9\bin;C:\Program Files\Amazon Corretto\jdk21.0.2.13.1\bin;."/>
    <property name="java.vm.info" value="mixed mode, sharing"/>
    <property name="stderr.encoding" value="Cp1252"/>
    <property name="java.vendor" value="Amazon.com Inc."/>
    <property name="java.vm.version" value="21.0.6+7-LTS"/>
    <property name="sun.io.unicode.encoding" value="UnicodeLittle"/>
    <property name="java.class.version" value="65.0"/>
  </properties>
  <testcase name="keyPressed_Minus_ShouldCallPrevSlide" classname="com.nhlstenden.Controllers.KeyControllerTest" time="0.245"/>
  <testcase name="keyPressed_PageUp_ShouldCallPrevSlide" classname="com.nhlstenden.Controllers.KeyControllerTest" time="0.005"/>
  <testcase name="keyPressed_NullKeyEvent_ShouldDoNothing" classname="com.nhlstenden.Controllers.KeyControllerTest" time="0.004"/>
  <testcase name="keyPressed_Plus_ShouldCallNextSlide" classname="com.nhlstenden.Controllers.KeyControllerTest" time="0.007"/>
  <testcase name="keyPressed_UpArrow_ShouldCallPrevSlide" classname="com.nhlstenden.Controllers.KeyControllerTest" time="0.003"/>
  <testcase name="keyPressed_NullPresentationPrevSlide_ShouldNotThrow" classname="com.nhlstenden.Controllers.KeyControllerTest" time="0.003"/>
  <testcase name="keyPressed_DownArrow_ShouldCallNextSlide" classname="com.nhlstenden.Controllers.KeyControllerTest" time="0.004"/>
  <testcase name="keyPressed_NullPresentationNextSlide_ShouldNotThrow" classname="com.nhlstenden.Controllers.KeyControllerTest" time="0.0"/>
  <testcase name="keyPressed_DefaultCase_ShouldDoNothing" classname="com.nhlstenden.Controllers.KeyControllerTest" time="0.0"/>
  <testcase name="keyPressed_PageDown_ShouldCallNextSlide" classname="com.nhlstenden.Controllers.KeyControllerTest" time="0.01"/>
  <testcase name="keyPressed_Enter_ShouldCallNextSlide" classname="com.nhlstenden.Controllers.KeyControllerTest" time="0.005"/>
  <testcase name="keyPressed_UppercaseQ_ShouldCallExitHandler" classname="com.nhlstenden.Controllers.KeyControllerTest" time="0.006"/>
  <testcase name="keyPressed_LowercaseQ_ShouldCallExitHandler" classname="com.nhlstenden.Controllers.KeyControllerTest" time="0.0"/>
  <testcase name="keyPressed_NullPresentationWithExit_ShouldStillExit" classname="com.nhlstenden.Controllers.KeyControllerTest" time="0.01"/>
</testsuite>